<?xml version="1.0" encoding="UTF-8"?>
<!-- Generated by org.testng.reporters.JUnitXMLReporter -->
<testsuite ignored="2" hostname="DESKTOP-766P9AG" failures="0" tests="1" name="Default test" time="2.537" errors="0" timestamp="2022-02-21T12:13:09 EST">
  <testcase classname="apiTests.PetStoreAPI_Tests" name="getPetByID" time="2.487"/>
  <testcase classname="apiTests.PetStoreAPI_Tests" name="justPrintingSomehing" time="0.0">
    <ignored/>
  </testcase> <!-- justPrintingSomehing -->
  <testcase classname="apiTests.PetStoreAPI_Tests" name="createAPet" time="0.0">
    <ignored/>
  </testcase> <!-- createAPet -->
</testsuite> <!-- Default test -->
