<?xml version="1.0" encoding="UTF-8"?>
<!-- Generated by org.testng.reporters.JUnitXMLReporter -->
<testsuite ignored="2" hostname="DESKTOP-766P9AG" failures="0" tests="1" name="Default test" time="7.097" errors="0" timestamp="2022-04-15T10:50:29 EDT">
  <testcase classname="apiTests.PetStoreAPI_Tests" name="justPrintingSomehing" time="6.991"/>
  <testcase classname="apiTests.PetStoreAPI_Tests" name="getPetByID" time="0.0">
    <ignored/>
  </testcase> <!-- getPetByID -->
  <testcase classname="apiTests.PetStoreAPI_Tests" name="createAPet" time="0.0">
    <ignored/>
  </testcase> <!-- createAPet -->
</testsuite> <!-- Default test -->
