<?xml version="1.0" encoding="UTF-8"?>
<testng-results ignored="2" total="3" passed="1" failed="0" skipped="0">
  <reporter-output>
  </reporter-output>
  <suite started-at="2022-04-15T10:50:22 EDT" name="Default suite" finished-at="2022-04-15T10:50:29 EDT" duration-ms="7097">
    <groups>
    </groups>
    <test started-at="2022-04-15T10:50:22 EDT" name="Default test" finished-at="2022-04-15T10:50:29 EDT" duration-ms="7097">
      <class name="apiTests.PetStoreAPI_Tests">
        <test-method is-config="true" signature="beforeMethod()[pri:0, instance:apiTests.PetStoreAPI_Tests@28eaa59a]" started-at="2022-04-15T10:50:22 EDT" name="beforeMethod" finished-at="2022-04-15T10:50:22 EDT" duration-ms="59" status="PASS">
          <reporter-output>
          </reporter-output>
        </test-method> <!-- beforeMethod -->
        <test-method signature="justPrintingSomehing()[pri:0, instance:apiTests.PetStoreAPI_Tests@28eaa59a]" started-at="2022-04-15T10:50:22 EDT" name="justPrintingSomehing" finished-at="2022-04-15T10:50:29 EDT" duration-ms="6991" status="PASS">
          <reporter-output>
          </reporter-output>
        </test-method> <!-- justPrintingSomehing -->
      </class> <!-- apiTests.PetStoreAPI_Tests -->
    </test> <!-- Default test -->
  </suite> <!-- Default suite -->
</testng-results>
