<?xml version="1.0" encoding="UTF-8"?>
<!-- Generated by org.testng.reporters.JUnitXMLReporter -->
<testsuite ignored="0" hostname="DESKTOP-766P9AG" failures="0" tests="3" name="API_SmokeTests" time="4.263" errors="0" timestamp="2022-02-21T12:50:00 EST">
  <testcase classname="apiTests.PetStoreAPI_Tests" name="createAPet" time="3.818"/>
  <testcase classname="apiTests.PetStoreAPI_Tests" name="getPetByID" time="0.193"/>
  <testcase classname="apiTests.PetStoreAPI_Tests" name="justPrintingSomehing" time="0.18"/>
</testsuite> <!-- API_SmokeTests -->
